<?xml version="1.0" encoding="UTF-8"?>
<!-- Generated by org.testng.reporters.JUnitXMLReporter -->
<testsuite ignored="0" hostname="LAPTOP-41UCB964" failures="2" tests="2" name="Default test" time="14.494" errors="0" timestamp="2021-12-07T13:13:55 IST">
  <testcase classname="io.cucumber.testng.AbstractTestNGCucumberTests" name="runScenario" time="9.621">
    <failure type="java.lang.AssertionError" message="expected [login] but found [Google]">
      <![CDATA[java.lang.AssertionError: expected [login] but found [Google]
at org.testng.Assert.fail(Assert.java:99)
at org.testng.Assert.failNotEquals(Assert.java:1037)
at org.testng.Assert.assertEqualsImpl(Assert.java:140)
at org.testng.Assert.assertEquals(Assert.java:122)
at org.testng.Assert.assertEquals(Assert.java:629)
at org.testng.Assert.assertEquals(Assert.java:639)
at com.page.loginpage.verifytitle(loginpage.java:28)
at parallel.loginstepdef.and_some_cond(loginstepdef.java:21)
at ✽.some other precondition(file:///C:/Users/kumar/Practiceworkspace/CucumberProject/src/test/resources/parallel/login.feature:8)
]]>
    </failure>
  </testcase> <!-- runScenario -->
  <testcase classname="io.cucumber.testng.AbstractTestNGCucumberTests" name="runScenario" time="9.638">
    <failure type="java.lang.AssertionError" message="expected [login] but found [Google]">
      <![CDATA[java.lang.AssertionError: expected [login] but found [Google]
at org.testng.Assert.fail(Assert.java:99)
at org.testng.Assert.failNotEquals(Assert.java:1037)
at org.testng.Assert.assertEqualsImpl(Assert.java:140)
at org.testng.Assert.assertEquals(Assert.java:122)
at org.testng.Assert.assertEquals(Assert.java:629)
at org.testng.Assert.assertEquals(Assert.java:639)
at com.page.loginpage.verifytitle(loginpage.java:28)
at parallel.loginstepdef.and_some_cond(loginstepdef.java:21)
at ✽.some other precondition(file:///C:/Users/kumar/Practiceworkspace/CucumberProject/src/test/resources/parallel/login.feature:13)
]]>
    </failure>
  </testcase> <!-- runScenario -->
</testsuite> <!-- Default test -->
